<?xml version="1.0" encoding="UTF-8"?>
<testng-results skipped="0" failed="0" ignored="0" total="1" passed="1">
  <reporter-output>
  </reporter-output>
  <suite name="Suite" duration-ms="4313" started-at="2021-07-19T22:01:06 AEST" finished-at="2021-07-19T22:01:10 AEST">
    <groups>
    </groups>
    <test name="Test" duration-ms="4313" started-at="2021-07-19T22:01:06 AEST" finished-at="2021-07-19T22:01:10 AEST">
      <class name="website.automation.automationwebsite">
        <test-method status="PASS" signature="test1()[pri:0, instance:website.automation.automationwebsite@711f39f9]" name="test1" duration-ms="4239" started-at="2021-07-19T22:01:06 AEST" finished-at="2021-07-19T22:01:10 AEST">
          <reporter-output>
          </reporter-output>
        </test-method> <!-- test1 -->
      </class> <!-- website.automation.automationwebsite -->
    </test> <!-- Test -->
  </suite> <!-- Suite -->
</testng-results>
